<?xml version="1.0" encoding="UTF-8"?>
<testsuite xmlns:xsi="http://www.w3.org/2001/XMLSchema-instance" xsi:noNamespaceSchemaLocation="https://maven.apache.org/surefire/maven-surefire-plugin/xsd/surefire-test-report-3.0.xsd" version="3.0" name="problema2.AppTest" time="0.043" tests="10" errors="0" skipped="0" failures="0">
  <properties>
[...]
</properties>
  <testcase name="testSinTarifaDisponible" classname="problema2.AppTest" time="0.003"/>
  <testcase name="testConoceEuropa" classname="problema2.AppTest" time="0.0"/>
  <testcase name="testGorrion" classname="problema2.AppTest" time="0.0"/>
  <testcase name="testPajarillo" classname="problema2.AppTest" time="0.0"/>
  <testcase name="testConoceEuropaConPeques" classname="problema2.AppTest" time="0.0"/>
  <testcase name="testViajaAhoraQuePuedes" classname="problema2.AppTest" time="0.0"/>
  <testcase name="testConoceMundo_America" classname="problema2.AppTest" time="0.0"/>
  <testcase name="testAtreviendoseASaltarDelNido" classname="problema2.AppTest" time="0.0"/>
  <testcase name="testConoceMundoConPeques_Asia" classname="problema2.AppTest" time="0.0"/>
  <testcase name="testDatosNegativos_LanzaExcepcion" classname="problema2.AppTest" time="0.001"/>
</testsuite>